# JRE version: Java(TM) SE Runtime Environment (15.0.2+7) (build 15.0.2+7-27)
# Java VM: Java HotSpot(TM) 64-Bit Server VM (15.0.2+7-27, mixed mode, sharing, tiered, compressed oops, g1 gc, windows-amd64)
GC Precious Log:
 CPUs: 4 total, 4 available
 Memory: 8089M
 Large Page Support: Disabled
 NUMA Support: Disabled
 Compressed Oops: Enabled (32-bit)
 Heap Region Size: 1M
 Heap Min Capacity: 8M
 Heap Initial Capacity: 128M
 Heap Max Capacity: 2024M
 Pre-touch: Disabled
 Parallel Workers: 4
 Concurrent Workers: 1
 Concurrent Refinement Workers: 4
 Periodic GC: Disabled
Heap:
 garbage-first heap   total 131072K, used 32009K [0x0000000081800000, 0x0000000100000000)
  region size 1024K, 30 young (30720K), 8 survivors (8192K)
 Metaspace       used 15022K, capacity 16189K, committed 16512K, reserved 1064960K
  class space    used 1636K, capacity 1846K, committed 1920K, reserved 1048576K
GC Heap History (8 events):
Event: 0.619 GC heap before
{Heap before GC invocations=0 (full 0):
 garbage-first heap   total 131072K, used 12288K [0x0000000081800000, 0x0000000100000000)
  region size 1024K, 13 young (13312K), 0 survivors (0K)
 Metaspace       used 3806K, capacity 6803K, committed 6912K, reserved 1056768K
  class space    used 395K, capacity 693K, committed 768K, reserved 1048576K
}
Event: 0.624 GC heap after
{Heap after GC invocations=1 (full 0):
 garbage-first heap   total 131072K, used 3165K [0x0000000081800000, 0x0000000100000000)
  region size 1024K, 2 young (2048K), 2 survivors (2048K)
 Metaspace       used 3806K, capacity 6803K, committed 6912K, reserved 1056768K
  class space    used 395K, capacity 693K, committed 768K, reserved 1048576K
}
Event: 0.911 GC heap before
{Heap before GC invocations=1 (full 0):
 garbage-first heap   total 131072K, used 15453K [0x0000000081800000, 0x0000000100000000)
  region size 1024K, 14 young (14336K), 2 survivors (2048K)
 Metaspace       used 5225K, capacity 7798K, committed 8064K, reserved 1056768K
  class space    used 605K, capacity 854K, committed 896K, reserved 1048576K
}
Event: 0.915 GC heap after
{Heap after GC invocations=2 (full 0):
 garbage-first heap   total 131072K, used 3690K [0x0000000081800000, 0x0000000100000000)
  region size 1024K, 1 young (1024K), 1 survivors (1024K)
 Metaspace       used 5225K, capacity 7798K, committed 8064K, reserved 1056768K
  class space    used 605K, capacity 854K, committed 896K, reserved 1048576K
}
Event: 1.656 GC heap before
{Heap before GC invocations=2 (full 0):
 garbage-first heap   total 131072K, used 30314K [0x0000000081800000, 0x0000000100000000)
  region size 1024K, 27 young (27648K), 1 survivors (1024K)
 Metaspace       used 9499K, capacity 11644K, committed 11904K, reserved 1060864K
  class space    used 1129K, capacity 1382K, committed 1408K, reserved 1048576K
}
Event: 1.660 GC heap after
{Heap after GC invocations=3 (full 0):
 garbage-first heap   total 131072K, used 5001K [0x0000000081800000, 0x0000000100000000)
  region size 1024K, 2 young (2048K), 2 survivors (2048K)
 Metaspace       used 9499K, capacity 11644K, committed 11904K, reserved 1060864K
  class space    used 1129K, capacity 1382K, committed 1408K, reserved 1048576K
}
Event: 4.893 GC heap before
{Heap before GC invocations=3 (full 0):
 garbage-first heap   total 131072K, used 80777K [0x0000000081800000, 0x0000000100000000)
  region size 1024K, 76 young (77824K), 2 survivors (2048K)
 Metaspace       used 13904K, capacity 15317K, committed 15616K, reserved 1062912K
  class space    used 1513K, capacity 1701K, committed 1792K, reserved 1048576K
}
Event: 4.906 GC heap after
{Heap after GC invocations=4 (full 0):
 garbage-first heap   total 131072K, used 10505K [0x0000000081800000, 0x0000000100000000)
  region size 1024K, 8 young (8192K), 8 survivors (8192K)
 Metaspace       used 13904K, capacity 15317K, committed 15616K, reserved 1062912K
  class space    used 1513K, capacity 1701K, committed 1792K, reserved 1048576K
}

