# JRE version: Java(TM) SE Runtime Environment (15.0.2+7) (build 15.0.2+7-27)
# Java VM: Java HotSpot(TM) 64-Bit Server VM (15.0.2+7-27, mixed mode, sharing, tiered, compressed oops, g1 gc, windows-amd64)
GC Precious Log:
 CPUs: 4 total, 4 available
 Memory: 8089M
 Large Page Support: Disabled
 NUMA Support: Disabled
 Compressed Oops: Enabled (32-bit)
 Heap Region Size: 1M
 Heap Min Capacity: 8M
 Heap Initial Capacity: 128M
 Heap Max Capacity: 2024M
 Pre-touch: Disabled
 Parallel Workers: 4
 Concurrent Workers: 1
 Concurrent Refinement Workers: 4
 Periodic GC: Disabled
Heap:
 garbage-first heap   total 45056K, used 29713K [0x0000000081800000, 0x0000000100000000)
  region size 1024K, 12 young (12288K), 3 survivors (3072K)
 Metaspace       used 48187K, capacity 48616K, committed 48796K, reserved 1095680K
  class space    used 6310K, capacity 6447K, committed 6476K, reserved 1048576K
GC Heap History (20 events):
Event: 3.937 GC heap before
{Heap before GC invocations=3 (full 0):
 garbage-first heap   total 131072K, used 83496K [0x0000000081800000, 0x0000000100000000)
  region size 1024K, 76 young (77824K), 2 survivors (2048K)
 Metaspace       used 18772K, capacity 19048K, committed 19328K, reserved 1071104K
  class space    used 2296K, capacity 2398K, committed 2432K, reserved 1048576K
}
Event: 3.944 GC heap after
{Heap after GC invocations=4 (full 0):
 garbage-first heap   total 131072K, used 10793K [0x0000000081800000, 0x0000000100000000)
  region size 1024K, 4 young (4096K), 4 survivors (4096K)
 Metaspace       used 18772K, capacity 19048K, committed 19328K, reserved 1071104K
  class space    used 2296K, capacity 2398K, committed 2432K, reserved 1048576K
}
Event: 5.077 GC heap before
{Heap before GC invocations=4 (full 0):
 garbage-first heap   total 131072K, used 33321K [0x0000000081800000, 0x0000000100000000)
  region size 1024K, 27 young (27648K), 4 survivors (4096K)
 Metaspace       used 20859K, capacity 21106K, committed 21296K, reserved 1071104K
  class space    used 2518K, capacity 2607K, committed 2688K, reserved 1048576K
}
Event: 5.084 GC heap after
{Heap after GC invocations=5 (full 0):
 garbage-first heap   total 131072K, used 11716K [0x0000000081800000, 0x0000000100000000)
  region size 1024K, 5 young (5120K), 5 survivors (5120K)
 Metaspace       used 20859K, capacity 21106K, committed 21296K, reserved 1071104K
  class space    used 2518K, capacity 2607K, committed 2688K, reserved 1048576K
}
Event: 6.595 GC heap before
{Heap before GC invocations=6 (full 0):
 garbage-first heap   total 45056K, used 33220K [0x0000000081800000, 0x0000000100000000)
  region size 1024K, 26 young (26624K), 5 survivors (5120K)
 Metaspace       used 23944K, capacity 24291K, committed 24496K, reserved 1075200K
  class space    used 2960K, capacity 3042K, committed 3072K, reserved 1048576K
}
Event: 6.612 GC heap after
{Heap after GC invocations=7 (full 0):
 garbage-first heap   total 45056K, used 13374K [0x0000000081800000, 0x0000000100000000)
  region size 1024K, 3 young (3072K), 3 survivors (3072K)
 Metaspace       used 23944K, capacity 24291K, committed 24496K, reserved 1075200K
  class space    used 2960K, capacity 3042K, committed 3072K, reserved 1048576K
}
Event: 8.223 GC heap before
{Heap before GC invocations=7 (full 0):
 garbage-first heap   total 45056K, used 30782K [0x0000000081800000, 0x0000000100000000)
  region size 1024K, 21 young (21504K), 3 survivors (3072K)
 Metaspace       used 26964K, capacity 27339K, committed 27568K, reserved 1077248K
  class space    used 3330K, capacity 3481K, committed 3584K, reserved 1048576K
}
Event: 8.235 GC heap after
{Heap after GC invocations=8 (full 0):
 garbage-first heap   total 45056K, used 14973K [0x0000000081800000, 0x0000000100000000)
  region size 1024K, 2 young (2048K), 2 survivors (2048K)
 Metaspace       used 26964K, capacity 27339K, committed 27568K, reserved 1077248K
  class space    used 3330K, capacity 3481K, committed 3584K, reserved 1048576K
}
Event: 10.780 GC heap before
{Heap before GC invocations=8 (full 0):
 garbage-first heap   total 45056K, used 33405K [0x0000000081800000, 0x0000000100000000)
  region size 1024K, 20 young (20480K), 2 survivors (2048K)
 Metaspace       used 32012K, capacity 32384K, committed 32560K, reserved 1081344K
  class space    used 3852K, capacity 3965K, committed 3968K, reserved 1048576K
}
Event: 10.792 GC heap after
{Heap after GC invocations=9 (full 0):
 garbage-first heap   total 45056K, used 16876K [0x0000000081800000, 0x0000000100000000)
  region size 1024K, 2 young (2048K), 2 survivors (2048K)
 Metaspace       used 32012K, capacity 32384K, committed 32560K, reserved 1081344K
  class space    used 3852K, capacity 3965K, committed 3968K, reserved 1048576K
}
Event: 11.808 GC heap before
{Heap before GC invocations=9 (full 0):
 garbage-first heap   total 45056K, used 29164K [0x0000000081800000, 0x0000000100000000)
  region size 1024K, 16 young (16384K), 2 survivors (2048K)
 Metaspace       used 35490K, capacity 35849K, committed 35920K, reserved 1085440K
  class space    used 4472K, capacity 4607K, committed 4608K, reserved 1048576K
}
Event: 11.815 GC heap after
{Heap after GC invocations=10 (full 0):
 garbage-first heap   total 45056K, used 17196K [0x0000000081800000, 0x0000000100000000)
  region size 1024K, 3 young (3072K), 3 survivors (3072K)
 Metaspace       used 35490K, capacity 35849K, committed 35920K, reserved 1085440K
  class space    used 4472K, capacity 4607K, committed 4608K, reserved 1048576K
}
Event: 12.887 GC heap before
{Heap before GC invocations=11 (full 0):
 garbage-first heap   total 45056K, used 32556K [0x0000000081800000, 0x0000000100000000)
  region size 1024K, 19 young (19456K), 3 survivors (3072K)
 Metaspace       used 39652K, capacity 40050K, committed 40220K, reserved 1087488K
  class space    used 5070K, capacity 5217K, committed 5324K, reserved 1048576K
}
Event: 12.894 GC heap after
{Heap after GC invocations=12 (full 0):
 garbage-first heap   total 45056K, used 18033K [0x0000000081800000, 0x0000000100000000)
  region size 1024K, 2 young (2048K), 2 survivors (2048K)
 Metaspace       used 39652K, capacity 40050K, committed 40220K, reserved 1087488K
  class space    used 5070K, capacity 5217K, committed 5324K, reserved 1048576K
}
Event: 14.488 GC heap before
{Heap before GC invocations=12 (full 0):
 garbage-first heap   total 45056K, used 34417K [0x0000000081800000, 0x0000000100000000)
  region size 1024K, 18 young (18432K), 2 survivors (2048K)
 Metaspace       used 43722K, capacity 44167K, committed 44444K, reserved 1091584K
  class space    used 5722K, capacity 5863K, committed 5964K, reserved 1048576K
}
Event: 14.494 GC heap after
{Heap after GC invocations=13 (full 0):
 garbage-first heap   total 45056K, used 18629K [0x0000000081800000, 0x0000000100000000)
  region size 1024K, 3 young (3072K), 3 survivors (3072K)
 Metaspace       used 43722K, capacity 44167K, committed 44444K, reserved 1091584K
  class space    used 5722K, capacity 5863K, committed 5964K, reserved 1048576K
}
Event: 15.133 GC heap before
{Heap before GC invocations=13 (full 0):
 garbage-first heap   total 45056K, used 33989K [0x0000000081800000, 0x0000000100000000)
  region size 1024K, 18 young (18432K), 3 survivors (3072K)
 Metaspace       used 46298K, capacity 46803K, committed 47004K, reserved 1093632K
  class space    used 6046K, capacity 6186K, committed 6220K, reserved 1048576K
}
Event: 15.141 GC heap after
{Heap after GC invocations=14 (full 0):
 garbage-first heap   total 45056K, used 19910K [0x0000000081800000, 0x0000000100000000)
  region size 1024K, 3 young (3072K), 3 survivors (3072K)
 Metaspace       used 46298K, capacity 46803K, committed 47004K, reserved 1093632K
  class space    used 6046K, capacity 6186K, committed 6220K, reserved 1048576K
}
Event: 15.962 GC heap before
{Heap before GC invocations=14 (full 0):
 garbage-first heap   total 45056K, used 35270K [0x0000000081800000, 0x0000000100000000)
  region size 1024K, 18 young (18432K), 3 survivors (3072K)
 Metaspace       used 47611K, capacity 48034K, committed 48284K, reserved 1095680K
  class space    used 6236K, capacity 6382K, committed 6476K, reserved 1048576K
}
Event: 15.976 GC heap after
{Heap after GC invocations=15 (full 0):
 garbage-first heap   total 45056K, used 21521K [0x0000000081800000, 0x0000000100000000)
  region size 1024K, 3 young (3072K), 3 survivors (3072K)
 Metaspace       used 47611K, capacity 48034K, committed 48284K, reserved 1095680K
  class space    used 6236K, capacity 6382K, committed 6476K, reserved 1048576K
}

