# JRE version: Java(TM) SE Runtime Environment (15.0.2+7) (build 15.0.2+7-27)
# Java VM: Java HotSpot(TM) 64-Bit Server VM (15.0.2+7-27, mixed mode, sharing, tiered, compressed oops, g1 gc, windows-amd64)
GC Precious Log:
 CPUs: 4 total, 4 available
 Memory: 8089M
 Large Page Support: Disabled
 NUMA Support: Disabled
 Compressed Oops: Enabled (32-bit)
 Heap Region Size: 1M
 Heap Min Capacity: 8M
 Heap Initial Capacity: 128M
 Heap Max Capacity: 2024M
 Pre-touch: Disabled
 Parallel Workers: 4
 Concurrent Workers: 1
 Concurrent Refinement Workers: 4
 Periodic GC: Disabled
Heap:
 garbage-first heap   total 45056K, used 32424K [0x0000000081800000, 0x0000000100000000)
  region size 1024K, 20 young (20480K), 1 survivors (1024K)
 Metaspace       used 29157K, capacity 29464K, committed 29744K, reserved 1075200K
  class space    used 3468K, capacity 3593K, committed 3712K, reserved 1048576K
GC Heap History (16 events):
Event: 0.578 GC heap before
{Heap before GC invocations=0 (full 0):
 garbage-first heap   total 131072K, used 13312K [0x0000000081800000, 0x0000000100000000)
  region size 1024K, 13 young (13312K), 0 survivors (0K)
 Metaspace       used 3342K, capacity 5971K, committed 6272K, reserved 1056768K
  class space    used 337K, capacity 565K, committed 640K, reserved 1048576K
}
Event: 0.583 GC heap after
{Heap after GC invocations=1 (full 0):
 garbage-first heap   total 131072K, used 6137K [0x0000000081800000, 0x0000000100000000)
  region size 1024K, 2 young (2048K), 2 survivors (2048K)
 Metaspace       used 3342K, capacity 5971K, committed 6272K, reserved 1056768K
  class space    used 337K, capacity 565K, committed 640K, reserved 1048576K
}
Event: 1.065 GC heap before
{Heap before GC invocations=1 (full 0):
 garbage-first heap   total 131072K, used 17401K [0x0000000081800000, 0x0000000100000000)
  region size 1024K, 13 young (13312K), 2 survivors (2048K)
 Metaspace       used 6650K, capacity 7922K, committed 8064K, reserved 1056768K
  class space    used 779K, capacity 871K, committed 896K, reserved 1048576K
}
Event: 1.069 GC heap after
{Heap after GC invocations=2 (full 0):
 garbage-first heap   total 131072K, used 7267K [0x0000000081800000, 0x0000000100000000)
  region size 1024K, 2 young (2048K), 2 survivors (2048K)
 Metaspace       used 6650K, capacity 7922K, committed 8064K, reserved 1056768K
  class space    used 779K, capacity 871K, committed 896K, reserved 1048576K
}
Event: 1.453 GC heap before
{Heap before GC invocations=2 (full 0):
 garbage-first heap   total 131072K, used 28771K [0x0000000081800000, 0x0000000100000000)
  region size 1024K, 24 young (24576K), 2 survivors (2048K)
 Metaspace       used 12638K, capacity 13259K, committed 13440K, reserved 1060864K
  class space    used 1495K, capacity 1565K, committed 1664K, reserved 1048576K
}
Event: 1.458 GC heap after
{Heap after GC invocations=3 (full 0):
 garbage-first heap   total 131072K, used 8024K [0x0000000081800000, 0x0000000100000000)
  region size 1024K, 2 young (2048K), 2 survivors (2048K)
 Metaspace       used 12638K, capacity 13259K, committed 13440K, reserved 1060864K
  class space    used 1495K, capacity 1565K, committed 1664K, reserved 1048576K
}
Event: 3.766 GC heap before
{Heap before GC invocations=3 (full 0):
 garbage-first heap   total 131072K, used 82776K [0x0000000081800000, 0x0000000100000000)
  region size 1024K, 76 young (77824K), 2 survivors (2048K)
 Metaspace       used 18445K, capacity 18709K, committed 18944K, reserved 1067008K
  class space    used 2197K, capacity 2279K, committed 2304K, reserved 1048576K
}
Event: 3.774 GC heap after
{Heap after GC invocations=4 (full 0):
 garbage-first heap   total 131072K, used 10405K [0x0000000081800000, 0x0000000100000000)
  region size 1024K, 5 young (5120K), 5 survivors (5120K)
 Metaspace       used 18445K, capacity 18709K, committed 18944K, reserved 1067008K
  class space    used 2197K, capacity 2279K, committed 2304K, reserved 1048576K
}
Event: 5.171 GC heap before
{Heap before GC invocations=4 (full 0):
 garbage-first heap   total 131072K, used 22693K [0x0000000081800000, 0x0000000100000000)
  region size 1024K, 18 young (18432K), 5 survivors (5120K)
 Metaspace       used 20880K, capacity 21133K, committed 21296K, reserved 1069056K
  class space    used 2518K, capacity 2609K, committed 2688K, reserved 1048576K
}
Event: 5.180 GC heap after
{Heap after GC invocations=5 (full 0):
 garbage-first heap   total 157696K, used 11664K [0x0000000081800000, 0x0000000100000000)
  region size 1024K, 6 young (6144K), 6 survivors (6144K)
 Metaspace       used 20880K, capacity 21133K, committed 21296K, reserved 1069056K
  class space    used 2518K, capacity 2609K, committed 2688K, reserved 1048576K
}
Event: 8.699 GC heap before
{Heap before GC invocations=6 (full 0):
 garbage-first heap   total 45056K, used 31120K [0x0000000081800000, 0x0000000100000000)
  region size 1024K, 26 young (26624K), 6 survivors (6144K)
 Metaspace       used 24994K, capacity 25292K, committed 25648K, reserved 1071104K
  class space    used 3001K, capacity 3141K, committed 3200K, reserved 1048576K
}
Event: 8.720 GC heap after
{Heap after GC invocations=7 (full 0):
 garbage-first heap   total 45056K, used 13528K [0x0000000081800000, 0x0000000100000000)
  region size 1024K, 4 young (4096K), 4 survivors (4096K)
 Metaspace       used 24994K, capacity 25292K, committed 25648K, reserved 1071104K
  class space    used 3001K, capacity 3141K, committed 3200K, reserved 1048576K
}
Event: 8.728 GC heap before
{Heap before GC invocations=7 (full 0):
 garbage-first heap   total 45056K, used 30936K [0x0000000081800000, 0x0000000100000000)
  region size 1024K, 22 young (22528K), 4 survivors (4096K)
 Metaspace       used 24994K, capacity 25292K, committed 25648K, reserved 1071104K
  class space    used 3001K, capacity 3141K, committed 3200K, reserved 1048576K
}
Event: 8.739 GC heap after
{Heap after GC invocations=8 (full 0):
 garbage-first heap   total 45056K, used 13857K [0x0000000081800000, 0x0000000100000000)
  region size 1024K, 1 young (1024K), 1 survivors (1024K)
 Metaspace       used 24994K, capacity 25292K, committed 25648K, reserved 1071104K
  class space    used 3001K, capacity 3141K, committed 3200K, reserved 1048576K
}
Event: 8.798 GC heap before
{Heap before GC invocations=8 (full 0):
 garbage-first heap   total 45056K, used 31265K [0x0000000081800000, 0x0000000100000000)
  region size 1024K, 19 young (19456K), 1 survivors (1024K)
 Metaspace       used 25018K, capacity 25356K, committed 25648K, reserved 1071104K
  class space    used 3001K, capacity 3141K, committed 3200K, reserved 1048576K
}
Event: 8.798 GC heap after
{Heap after GC invocations=9 (full 0):
 garbage-first heap   total 45056K, used 13992K [0x0000000081800000, 0x0000000100000000)
  region size 1024K, 1 young (1024K), 1 survivors (1024K)
 Metaspace       used 25018K, capacity 25356K, committed 25648K, reserved 1071104K
  class space    used 3001K, capacity 3141K, committed 3200K, reserved 1048576K
}

