# JRE version: Java(TM) SE Runtime Environment (15.0.2+7) (build 15.0.2+7-27)
# Java VM: Java HotSpot(TM) 64-Bit Server VM (15.0.2+7-27, mixed mode, sharing, tiered, compressed oops, g1 gc, windows-amd64)
GC Precious Log:
 CPUs: 4 total, 4 available
 Memory: 8089M
 Large Page Support: Disabled
 NUMA Support: Disabled
 Compressed Oops: Enabled (32-bit)
 Heap Region Size: 1M
 Heap Min Capacity: 8M
 Heap Initial Capacity: 128M
 Heap Max Capacity: 2024M
 Pre-touch: Disabled
 Parallel Workers: 4
 Concurrent Workers: 1
 Concurrent Refinement Workers: 4
 Periodic GC: Disabled
Heap:
 garbage-first heap   total 103424K, used 76103K [0x0000000081800000, 0x0000000100000000)
  region size 1024K, 35 young (35840K), 1 survivors (1024K)
 Metaspace       used 30175K, capacity 30982K, committed 31232K, reserved 1077248K
  class space    used 3233K, capacity 3482K, committed 3584K, reserved 1048576K
GC Heap History (20 events):
Event: 15.151 GC heap before
{Heap before GC invocations=17 (full 0):
 garbage-first heap   total 61440K, used 48874K [0x0000000081800000, 0x0000000100000000)
  region size 1024K, 16 young (16384K), 1 survivors (1024K)
 Metaspace       used 28203K, capacity 28921K, committed 29184K, reserved 1075200K
  class space    used 3078K, capacity 3311K, committed 3328K, reserved 1048576K
}
Event: 15.158 GC heap after
{Heap after GC invocations=18 (full 0):
 garbage-first heap   total 61440K, used 33654K [0x0000000081800000, 0x0000000100000000)
  region size 1024K, 2 young (2048K), 2 survivors (2048K)
 Metaspace       used 28203K, capacity 28921K, committed 29184K, reserved 1075200K
  class space    used 3078K, capacity 3311K, committed 3328K, reserved 1048576K
}
Event: 15.190 GC heap before
{Heap before GC invocations=18 (full 0):
 garbage-first heap   total 61440K, used 49014K [0x0000000081800000, 0x0000000100000000)
  region size 1024K, 17 young (17408K), 2 survivors (2048K)
 Metaspace       used 28205K, capacity 28921K, committed 29184K, reserved 1075200K
  class space    used 3078K, capacity 3311K, committed 3328K, reserved 1048576K
}
Event: 15.197 GC heap after
{Heap after GC invocations=19 (full 0):
 garbage-first heap   total 61440K, used 34881K [0x0000000081800000, 0x0000000100000000)
  region size 1024K, 2 young (2048K), 2 survivors (2048K)
 Metaspace       used 28205K, capacity 28921K, committed 29184K, reserved 1075200K
  class space    used 3078K, capacity 3311K, committed 3328K, reserved 1048576K
}
Event: 15.215 GC heap before
{Heap before GC invocations=19 (full 0):
 garbage-first heap   total 61440K, used 49217K [0x0000000081800000, 0x0000000100000000)
  region size 1024K, 17 young (17408K), 2 survivors (2048K)
 Metaspace       used 28205K, capacity 28921K, committed 29184K, reserved 1075200K
  class space    used 3078K, capacity 3311K, committed 3328K, reserved 1048576K
}
Event: 15.222 GC heap after
{Heap after GC invocations=20 (full 0):
 garbage-first heap   total 61440K, used 35048K [0x0000000081800000, 0x0000000100000000)
  region size 1024K, 2 young (2048K), 2 survivors (2048K)
 Metaspace       used 28205K, capacity 28921K, committed 29184K, reserved 1075200K
  class space    used 3078K, capacity 3311K, committed 3328K, reserved 1048576K
}
Event: 15.705 GC heap before
{Heap before GC invocations=21 (full 0):
 garbage-first heap   total 71680K, used 50408K [0x0000000081800000, 0x0000000100000000)
  region size 1024K, 17 young (17408K), 2 survivors (2048K)
 Metaspace       used 28223K, capacity 28921K, committed 29184K, reserved 1075200K
  class space    used 3078K, capacity 3311K, committed 3328K, reserved 1048576K
}
Event: 15.713 GC heap after
{Heap after GC invocations=22 (full 0):
 garbage-first heap   total 71680K, used 35450K [0x0000000081800000, 0x0000000100000000)
  region size 1024K, 3 young (3072K), 3 survivors (3072K)
 Metaspace       used 28223K, capacity 28921K, committed 29184K, reserved 1075200K
  class space    used 3078K, capacity 3311K, committed 3328K, reserved 1048576K
}
Event: 15.721 GC heap before
{Heap before GC invocations=22 (full 0):
 garbage-first heap   total 71680K, used 35450K [0x0000000081800000, 0x0000000100000000)
  region size 1024K, 4 young (4096K), 3 survivors (3072K)
 Metaspace       used 28223K, capacity 28921K, committed 29184K, reserved 1075200K
  class space    used 3078K, capacity 3311K, committed 3328K, reserved 1048576K
}
Event: 15.735 GC heap after
{Heap after GC invocations=23 (full 0):
 garbage-first heap   total 86016K, used 32265K [0x0000000081800000, 0x0000000100000000)
  region size 1024K, 1 young (1024K), 1 survivors (1024K)
 Metaspace       used 28223K, capacity 28921K, committed 29184K, reserved 1075200K
  class space    used 3078K, capacity 3311K, committed 3328K, reserved 1048576K
}
Event: 15.962 GC heap before
{Heap before GC invocations=23 (full 0):
 garbage-first heap   total 86016K, used 68105K [0x0000000081800000, 0x0000000100000000)
  region size 1024K, 36 young (36864K), 1 survivors (1024K)
 Metaspace       used 28261K, capacity 28995K, committed 29184K, reserved 1075200K
  class space    used 3079K, capacity 3313K, committed 3328K, reserved 1048576K
}
Event: 15.968 GC heap after
{Heap after GC invocations=24 (full 0):
 garbage-first heap   total 86016K, used 38466K [0x0000000081800000, 0x0000000100000000)
  region size 1024K, 5 young (5120K), 5 survivors (5120K)
 Metaspace       used 28261K, capacity 28995K, committed 29184K, reserved 1075200K
  class space    used 3079K, capacity 3313K, committed 3328K, reserved 1048576K
}
Event: 16.552 GC heap before
{Heap before GC invocations=24 (full 0):
 garbage-first heap   total 86016K, used 68162K [0x0000000081800000, 0x0000000100000000)
  region size 1024K, 35 young (35840K), 5 survivors (5120K)
 Metaspace       used 28292K, capacity 28995K, committed 29184K, reserved 1075200K
  class space    used 3079K, capacity 3313K, committed 3328K, reserved 1048576K
}
Event: 16.564 GC heap after
{Heap after GC invocations=25 (full 0):
 garbage-first heap   total 86016K, used 45803K [0x0000000081800000, 0x0000000100000000)
  region size 1024K, 5 young (5120K), 5 survivors (5120K)
 Metaspace       used 28292K, capacity 28995K, committed 29184K, reserved 1075200K
  class space    used 3079K, capacity 3313K, committed 3328K, reserved 1048576K
}
Event: 17.946 GC heap before
{Heap before GC invocations=25 (full 0):
 garbage-first heap   total 86016K, used 66283K [0x0000000081800000, 0x0000000100000000)
  region size 1024K, 26 young (26624K), 5 survivors (5120K)
 Metaspace       used 28846K, capacity 29597K, committed 29824K, reserved 1075200K
  class space    used 3148K, capacity 3387K, committed 3456K, reserved 1048576K
}
Event: 17.956 GC heap after
{Heap after GC invocations=26 (full 0):
 garbage-first heap   total 86016K, used 48432K [0x0000000081800000, 0x0000000100000000)
  region size 1024K, 3 young (3072K), 3 survivors (3072K)
 Metaspace       used 28846K, capacity 29597K, committed 29824K, reserved 1075200K
  class space    used 3148K, capacity 3387K, committed 3456K, reserved 1048576K
}
Event: 18.925 GC heap before
{Heap before GC invocations=27 (full 0):
 garbage-first heap   total 86016K, used 66864K [0x0000000081800000, 0x0000000100000000)
  region size 1024K, 22 young (22528K), 3 survivors (3072K)
 Metaspace       used 28047K, capacity 28764K, committed 29824K, reserved 1075200K
  class space    used 3043K, capacity 3280K, committed 3456K, reserved 1048576K
}
Event: 18.932 GC heap after
{Heap after GC invocations=28 (full 0):
 garbage-first heap   total 103424K, used 48189K [0x0000000081800000, 0x0000000100000000)
  region size 1024K, 1 young (1024K), 1 survivors (1024K)
 Metaspace       used 28047K, capacity 28764K, committed 29824K, reserved 1075200K
  class space    used 3043K, capacity 3280K, committed 3456K, reserved 1048576K
}
Event: 19.114 GC heap before
{Heap before GC invocations=28 (full 0):
 garbage-first heap   total 103424K, used 52285K [0x0000000081800000, 0x0000000100000000)
  region size 1024K, 5 young (5120K), 1 survivors (1024K)
 Metaspace       used 28091K, capacity 28892K, committed 29824K, reserved 1075200K
  class space    used 3043K, capacity 3280K, committed 3456K, reserved 1048576K
}
Event: 19.126 GC heap after
{Heap after GC invocations=29 (full 0):
 garbage-first heap   total 103424K, used 42311K [0x0000000081800000, 0x0000000100000000)
  region size 1024K, 1 young (1024K), 1 survivors (1024K)
 Metaspace       used 28091K, capacity 28892K, committed 29824K, reserved 1075200K
  class space    used 3043K, capacity 3280K, committed 3456K, reserved 1048576K
}

